<?xml version="1.0" encoding="UTF-8"?>
<!-- Generated by org.testng.reporters.JUnitReportReporter -->
<testsuite hostname="Asam" failures="0" tests="2" name="api.test.UserTests2" time="9.229" errors="0" timestamp="2024-09-25T09:46:06 IST" skipped="0">
  <testcase classname="api.test.UserTests2" name="testPostUser" time="7.586"/>
  <testcase classname="api.test.UserTests2" name="testGetUserByName" time="1.643"/>
</testsuite> <!-- api.test.UserTests2 -->
